INFO:user_log:Начало обработки данных
INFO:user_log:Оформление результирующих файлов
INFO:user_log:Оформление документа следующего типа None
INFO:user_log:Оформление таблицы Информативный блок
INFO:user_log:Оформление таблицы Поквартальный анализ полученных документов
INFO:user_log:Создание горизонтальной гистограммы
INFO:user_log:Оформление таблицы Анализ в разрезе видов документов
INFO:user_log:Создание горизонтальной гистограммы
INFO:user_log:Оформление таблицы Анализ по виду организаций
INFO:user_log:Создание круговой диаграммы
INFO:user_log:Оформление таблицы Анализ по виду налога
INFO:user_log:Создание круговой диаграммы
INFO:user_log:Оформление таблицы Анализ по виду проверки
INFO:user_log:Создание горизонтальной гистограммы
INFO:user_log:Оформление таблицы Основные подрядчики
INFO:user_log:Создание горизонтальной гистограммы
INFO:user_log:Оформление таблицы Анализ требований
INFO:user_log:Создание вертикальной гистограммы
INFO:user_log:Создание презентации
INFO:user_log:Обработка данных закончена
